2022-04-06 06:27:03,187 INFO scheduler Scheduled Job Start: frappe.social.doctype.energy_point_log.energy_point_log.send_monthly_summary for site1.local
2022-04-06 06:27:03,224 INFO scheduler Scheduled Job Start: frappe.integrations.doctype.s3_backup_settings.s3_backup_settings.take_backups_monthly for site1.local
2022-04-06 06:27:03,740 INFO scheduler Scheduled Job Complete: frappe.social.doctype.energy_point_log.energy_point_log.send_monthly_summary for site1.local
2022-04-06 06:27:03,756 DEBUG scheduler Queued events for site site1.local
2022-04-06 06:27:03,825 INFO scheduler Scheduled Job Complete: frappe.integrations.doctype.s3_backup_settings.s3_backup_settings.take_backups_monthly for site1.local
2022-04-06 06:27:03,860 INFO scheduler Scheduled Job Start: frappe.email.doctype.auto_email_report.auto_email_report.send_monthly for site1.local
2022-04-06 06:27:03,925 INFO scheduler Scheduled Job Start: frappe.integrations.doctype.google_drive.google_drive.weekly_backup for site1.local
2022-04-06 06:27:04,348 INFO scheduler Scheduled Job Complete: frappe.email.doctype.auto_email_report.auto_email_report.send_monthly for site1.local
2022-04-06 06:27:04,454 INFO scheduler Scheduled Job Start: frappe.core.doctype.log_settings.log_settings.run_log_clean_up for site1.local
2022-04-06 06:27:04,469 INFO scheduler Scheduled Job Complete: frappe.integrations.doctype.google_drive.google_drive.weekly_backup for site1.local
2022-04-06 06:27:04,567 INFO scheduler Scheduled Job Start: frappe.social.doctype.energy_point_log.energy_point_log.send_weekly_summary for site1.local
2022-04-06 06:27:04,745 INFO scheduler Scheduled Job Complete: frappe.core.doctype.log_settings.log_settings.run_log_clean_up for site1.local
2022-04-06 06:27:04,832 INFO scheduler Scheduled Job Complete: frappe.social.doctype.energy_point_log.energy_point_log.send_weekly_summary for site1.local
2022-04-06 06:27:04,835 INFO scheduler Scheduled Job Start: frappe.core.doctype.prepared_report.prepared_report.delete_expired_prepared_reports for site1.local
2022-04-06 06:27:04,933 INFO scheduler Scheduled Job Start: frappe.desk.form.document_follow.send_weekly_updates for site1.local
2022-04-06 06:27:05,122 INFO scheduler Scheduled Job Complete: frappe.core.doctype.prepared_report.prepared_report.delete_expired_prepared_reports for site1.local
2022-04-06 06:27:05,217 INFO scheduler Scheduled Job Start: frappe.email.doctype.unhandled_email.unhandled_email.remove_old_unhandled_emails for site1.local
2022-04-06 06:27:05,235 INFO scheduler Scheduled Job Complete: frappe.desk.form.document_follow.send_weekly_updates for site1.local
2022-04-06 06:27:05,344 INFO scheduler Scheduled Job Start: frappe.desk.doctype.route_history.route_history.flush_old_route_records for site1.local
2022-04-06 06:27:05,458 INFO scheduler Scheduled Job Complete: frappe.email.doctype.unhandled_email.unhandled_email.remove_old_unhandled_emails for site1.local
2022-04-06 06:27:05,567 INFO scheduler Scheduled Job Start: frappe.automation.doctype.auto_repeat.auto_repeat.set_auto_repeat_as_completed for site1.local
2022-04-06 06:27:05,618 INFO scheduler Scheduled Job Complete: frappe.desk.doctype.route_history.route_history.flush_old_route_records for site1.local
2022-04-06 06:27:05,711 INFO scheduler Scheduled Job Start: frappe.integrations.doctype.s3_backup_settings.s3_backup_settings.take_backups_weekly for site1.local
2022-04-06 06:27:05,898 INFO scheduler Scheduled Job Complete: frappe.automation.doctype.auto_repeat.auto_repeat.set_auto_repeat_as_completed for site1.local
2022-04-06 06:27:06,019 INFO scheduler Scheduled Job Start: frappe.automation.doctype.auto_repeat.auto_repeat.make_auto_repeat_entry for site1.local
2022-04-06 06:27:06,107 INFO scheduler Scheduled Job Complete: frappe.integrations.doctype.s3_backup_settings.s3_backup_settings.take_backups_weekly for site1.local
2022-04-06 06:27:06,204 INFO scheduler Scheduled Job Start: frappe.integrations.doctype.dropbox_settings.dropbox_settings.take_backups_weekly for site1.local
2022-04-06 06:27:06,325 INFO scheduler Scheduled Job Complete: frappe.automation.doctype.auto_repeat.auto_repeat.make_auto_repeat_entry for site1.local
2022-04-06 06:27:06,417 INFO scheduler Scheduled Job Start: frappe.integrations.doctype.google_contacts.google_contacts.sync for site1.local
2022-04-06 06:27:06,747 INFO scheduler Scheduled Job Complete: frappe.integrations.doctype.dropbox_settings.dropbox_settings.take_backups_weekly for site1.local
2022-04-06 06:27:06,864 INFO scheduler Scheduled Job Start: frappe.integrations.doctype.google_drive.google_drive.daily_backup for site1.local
2022-04-06 06:27:07,004 INFO scheduler Scheduled Job Complete: frappe.integrations.doctype.google_contacts.google_contacts.sync for site1.local
2022-04-06 06:27:07,115 INFO scheduler Scheduled Job Start: frappe.social.doctype.energy_point_settings.energy_point_settings.allocate_review_points for site1.local
2022-04-06 06:27:07,401 INFO scheduler Scheduled Job Complete: frappe.social.doctype.energy_point_settings.energy_point_settings.allocate_review_points for site1.local
2022-04-06 06:27:07,440 INFO scheduler Scheduled Job Complete: frappe.integrations.doctype.google_drive.google_drive.daily_backup for site1.local
2022-04-06 06:27:07,498 INFO scheduler Scheduled Job Start: frappe.desk.form.document_follow.send_daily_updates for site1.local
2022-04-06 06:27:07,547 INFO scheduler Scheduled Job Start: frappe.integrations.doctype.s3_backup_settings.s3_backup_settings.take_backups_daily for site1.local
2022-04-06 06:27:07,733 INFO scheduler Scheduled Job Complete: frappe.desk.form.document_follow.send_daily_updates for site1.local
2022-04-06 06:27:07,821 INFO scheduler Scheduled Job Start: frappe.website.doctype.personal_data_deletion_request.personal_data_deletion_request.remove_unverified_record for site1.local
2022-04-06 06:27:07,889 INFO scheduler Scheduled Job Complete: frappe.integrations.doctype.s3_backup_settings.s3_backup_settings.take_backups_daily for site1.local
2022-04-06 06:27:07,983 INFO scheduler Scheduled Job Start: frappe.utils.change_log.check_for_update for site1.local
2022-04-06 06:27:08,091 INFO scheduler Scheduled Job Complete: frappe.website.doctype.personal_data_deletion_request.personal_data_deletion_request.remove_unverified_record for site1.local
2022-04-06 06:27:08,197 INFO scheduler Scheduled Job Start: frappe.email.doctype.auto_email_report.auto_email_report.send_daily for site1.local
2022-04-06 06:27:08,602 INFO scheduler Scheduled Job Complete: frappe.email.doctype.auto_email_report.auto_email_report.send_daily for site1.local
2022-04-06 06:27:08,727 INFO scheduler Scheduled Job Start: frappe.utils.scheduler.restrict_scheduler_events_if_dormant for site1.local
2022-04-06 06:27:09,002 INFO scheduler Scheduled Job Failed: frappe.utils.scheduler.restrict_scheduler_events_if_dormant for site1.local
2022-04-06 06:27:09,115 INFO scheduler Scheduled Job Start: frappe.email.doctype.notification.notification.trigger_daily_alerts for site1.local
2022-04-06 06:27:09,431 INFO scheduler Scheduled Job Complete: frappe.email.doctype.notification.notification.trigger_daily_alerts for site1.local
2022-04-06 06:27:09,453 INFO scheduler Scheduled Job Complete: frappe.utils.change_log.check_for_update for site1.local
2022-04-06 06:27:09,540 INFO scheduler Scheduled Job Start: frappe.integrations.doctype.dropbox_settings.dropbox_settings.take_backups_daily for site1.local
2022-04-06 06:27:09,558 INFO scheduler Scheduled Job Start: frappe.sessions.clear_expired_sessions for site1.local
2022-04-06 06:27:09,848 INFO scheduler Scheduled Job Complete: frappe.sessions.clear_expired_sessions for site1.local
2022-04-06 06:27:09,961 INFO scheduler Scheduled Job Start: frappe.desk.doctype.event.event.send_event_digest for site1.local
2022-04-06 06:27:10,087 INFO scheduler Scheduled Job Complete: frappe.integrations.doctype.dropbox_settings.dropbox_settings.take_backups_daily for site1.local
2022-04-06 06:27:10,228 INFO scheduler Scheduled Job Complete: frappe.desk.doctype.event.event.send_event_digest for site1.local
2022-04-06 06:27:10,314 INFO scheduler Scheduled Job Start: frappe.core.doctype.error_log.error_log.set_old_logs_as_seen for site1.local
2022-04-06 06:27:10,568 INFO scheduler Scheduled Job Complete: frappe.core.doctype.error_log.error_log.set_old_logs_as_seen for site1.local
2022-04-06 06:27:10,658 INFO scheduler Scheduled Job Start: frappe.desk.notifications.clear_notifications for site1.local
2022-04-06 06:27:10,924 INFO scheduler Scheduled Job Complete: frappe.desk.notifications.clear_notifications for site1.local
2022-04-06 06:27:11,028 INFO scheduler Scheduled Job Start: frappe.email.queue.set_expiry_for_email_queue for site1.local
2022-04-06 06:27:11,301 INFO scheduler Scheduled Job Complete: frappe.email.queue.set_expiry_for_email_queue for site1.local
2022-04-06 06:27:11,432 INFO scheduler Scheduled Job Start: frappe.email.doctype.newsletter.newsletter.send_scheduled_email for site1.local
2022-04-06 06:27:11,751 INFO scheduler Scheduled Job Complete: frappe.email.doctype.newsletter.newsletter.send_scheduled_email for site1.local
2022-04-06 06:27:11,871 INFO scheduler Scheduled Job Start: frappe.integrations.doctype.google_calendar.google_calendar.sync for site1.local
2022-04-06 06:27:12,392 INFO scheduler Scheduled Job Complete: frappe.integrations.doctype.google_calendar.google_calendar.sync for site1.local
2022-04-06 06:27:12,504 INFO scheduler Scheduled Job Start: frappe.desk.form.document_follow.send_hourly_updates for site1.local
2022-04-06 06:27:12,809 INFO scheduler Scheduled Job Complete: frappe.desk.form.document_follow.send_hourly_updates for site1.local
2022-04-06 06:27:12,928 INFO scheduler Scheduled Job Start: frappe.deferred_insert.save_to_db for site1.local
2022-04-06 06:27:13,200 INFO scheduler Scheduled Job Complete: frappe.deferred_insert.save_to_db for site1.local
2022-04-06 06:27:13,302 INFO scheduler Scheduled Job Start: frappe.desk.page.backups.backups.delete_downloadable_backups for site1.local
2022-04-06 06:27:13,542 INFO scheduler Scheduled Job Complete: frappe.desk.page.backups.backups.delete_downloadable_backups for site1.local
2022-04-06 06:27:13,661 INFO scheduler Scheduled Job Start: frappe.utils.error.collect_error_snapshots for site1.local
2022-04-06 06:27:13,923 INFO scheduler Scheduled Job Complete: frappe.utils.error.collect_error_snapshots for site1.local
2022-04-06 06:27:14,006 INFO scheduler Scheduled Job Start: frappe.model.utils.user_settings.sync_user_settings for site1.local
2022-04-06 06:27:14,220 INFO scheduler Scheduled Job Complete: frappe.model.utils.user_settings.sync_user_settings for site1.local
2022-04-06 06:27:14,337 INFO scheduler Scheduled Job Start: frappe.model.utils.link_count.update_link_count for site1.local
2022-04-06 06:27:14,613 INFO scheduler Scheduled Job Complete: frappe.model.utils.link_count.update_link_count for site1.local
2022-04-06 06:27:14,719 INFO scheduler Scheduled Job Start: frappe.monitor.flush for site1.local
2022-04-06 06:27:14,902 INFO scheduler Scheduled Job Complete: frappe.monitor.flush for site1.local
2022-04-06 06:27:15,016 INFO scheduler Scheduled Job Start: frappe.utils.global_search.sync_global_search for site1.local
2022-04-06 06:27:15,390 INFO scheduler Scheduled Job Complete: frappe.utils.global_search.sync_global_search for site1.local
2022-04-06 06:27:15,487 INFO scheduler Scheduled Job Start: frappe.integrations.doctype.razorpay_settings.razorpay_settings.capture_payment for site1.local
2022-04-06 06:27:15,909 INFO scheduler Scheduled Job Complete: frappe.integrations.doctype.razorpay_settings.razorpay_settings.capture_payment for site1.local
2022-04-06 06:27:16,022 INFO scheduler Scheduled Job Start: frappe.email.doctype.email_account.email_account.notify_unreplied for site1.local
2022-04-06 06:27:16,345 INFO scheduler Scheduled Job Complete: frappe.email.doctype.email_account.email_account.notify_unreplied for site1.local
2022-04-06 06:27:16,442 INFO scheduler Scheduled Job Start: frappe.email.doctype.email_account.email_account.pull for site1.local
2022-04-06 06:27:16,729 INFO scheduler Scheduled Job Complete: frappe.email.doctype.email_account.email_account.pull for site1.local
2022-04-06 06:27:16,830 INFO scheduler Scheduled Job Start: frappe.email.queue.flush for site1.local
2022-04-06 06:27:17,016 INFO scheduler Scheduled Job Complete: frappe.email.queue.flush for site1.local
2022-04-06 06:27:17,110 INFO scheduler Scheduled Job Start: frappe.twofactor.delete_all_barcodes_for_users for site1.local
2022-04-06 06:27:17,343 INFO scheduler Scheduled Job Complete: frappe.twofactor.delete_all_barcodes_for_users for site1.local
2022-04-06 06:27:17,451 INFO scheduler Scheduled Job Start: frappe.website.doctype.web_page.web_page.check_publish_status for site1.local
2022-04-06 06:27:17,855 INFO scheduler Scheduled Job Complete: frappe.website.doctype.web_page.web_page.check_publish_status for site1.local
2022-04-06 06:27:17,948 INFO scheduler Scheduled Job Start: frappe.oauth.delete_oauth2_data for site1.local
2022-04-06 06:27:18,364 INFO scheduler Scheduled Job Complete: frappe.oauth.delete_oauth2_data for site1.local
