2122:C 29 Nov 2021 08:07:54.289 # oO0OoO0OoO0Oo Redis is starting oO0OoO0OoO0Oo
2122:C 29 Nov 2021 08:07:54.290 # Redis version=5.0.3, bits=64, commit=00000000, modified=0, pid=2122, just started
2122:C 29 Nov 2021 08:07:54.290 # Configuration loaded
2122:M 29 Nov 2021 08:07:54.293 * Running mode=standalone, port=11001.
2122:M 29 Nov 2021 08:07:54.294 # Server initialized
2122:M 29 Nov 2021 08:07:54.294 # WARNING overcommit_memory is set to 0! Background save may fail under low memory condition. To fix this issue add 'vm.overcommit_memory = 1' to /etc/sysctl.conf and then reboot or run the command 'sysctl vm.overcommit_memory=1' for this to take effect.
2122:M 29 Nov 2021 08:07:54.295 # WARNING you have Transparent Huge Pages (THP) support enabled in your kernel. This will create latency and memory usage issues with Redis. To fix this issue run the command 'echo never > /sys/kernel/mm/transparent_hugepage/enabled' as root, and add it to your /etc/rc.local in order to retain the setting after a reboot. Redis must be restarted after THP is disabled.
2122:M 29 Nov 2021 08:07:54.295 * Ready to accept connections
359:C 29 Nov 2021 08:16:47.151 # oO0OoO0OoO0Oo Redis is starting oO0OoO0OoO0Oo
359:C 29 Nov 2021 08:16:47.152 # Redis version=5.0.3, bits=64, commit=00000000, modified=0, pid=359, just started
359:C 29 Nov 2021 08:16:47.152 # Configuration loaded
359:M 29 Nov 2021 08:16:47.165 * Running mode=standalone, port=11001.
359:M 29 Nov 2021 08:16:47.166 # Server initialized
359:M 29 Nov 2021 08:16:47.166 # WARNING overcommit_memory is set to 0! Background save may fail under low memory condition. To fix this issue add 'vm.overcommit_memory = 1' to /etc/sysctl.conf and then reboot or run the command 'sysctl vm.overcommit_memory=1' for this to take effect.
359:M 29 Nov 2021 08:16:47.166 # WARNING you have Transparent Huge Pages (THP) support enabled in your kernel. This will create latency and memory usage issues with Redis. To fix this issue run the command 'echo never > /sys/kernel/mm/transparent_hugepage/enabled' as root, and add it to your /etc/rc.local in order to retain the setting after a reboot. Redis must be restarted after THP is disabled.
359:M 29 Nov 2021 08:16:47.166 * Ready to accept connections
618:C 06 Apr 2022 06:14:48.356 # oO0OoO0OoO0Oo Redis is starting oO0OoO0OoO0Oo
618:C 06 Apr 2022 06:14:48.364 # Redis version=5.0.3, bits=64, commit=00000000, modified=0, pid=618, just started
618:C 06 Apr 2022 06:14:48.364 # Configuration loaded
618:M 06 Apr 2022 06:14:48.365 * Increased maximum number of open files to 10032 (it was originally set to 1024).
618:M 06 Apr 2022 06:14:48.366 * Running mode=standalone, port=11001.
618:M 06 Apr 2022 06:14:48.366 # Server initialized
618:M 06 Apr 2022 06:14:48.367 # WARNING overcommit_memory is set to 0! Background save may fail under low memory condition. To fix this issue add 'vm.overcommit_memory = 1' to /etc/sysctl.conf and then reboot or run the command 'sysctl vm.overcommit_memory=1' for this to take effect.
618:M 06 Apr 2022 06:14:48.367 # WARNING you have Transparent Huge Pages (THP) support enabled in your kernel. This will create latency and memory usage issues with Redis. To fix this issue run the command 'echo never > /sys/kernel/mm/transparent_hugepage/enabled' as root, and add it to your /etc/rc.local in order to retain the setting after a reboot. Redis must be restarted after THP is disabled.
618:M 06 Apr 2022 06:14:48.367 * Ready to accept connections
618:signal-handler (1649226450) Received SIGTERM scheduling shutdown...
618:M 06 Apr 2022 06:27:30.994 # User requested shutdown...
618:M 06 Apr 2022 06:27:30.994 * Removing the pid file.
618:M 06 Apr 2022 06:27:30.994 # Redis is now ready to exit, bye bye...
745:C 06 Apr 2022 06:31:59.033 # oO0OoO0OoO0Oo Redis is starting oO0OoO0OoO0Oo
745:C 06 Apr 2022 06:31:59.033 # Redis version=5.0.3, bits=64, commit=00000000, modified=0, pid=745, just started
745:C 06 Apr 2022 06:31:59.033 # Configuration loaded
745:M 06 Apr 2022 06:31:59.034 * Increased maximum number of open files to 10032 (it was originally set to 1024).
745:M 06 Apr 2022 06:31:59.035 * Running mode=standalone, port=11001.
745:M 06 Apr 2022 06:31:59.035 # Server initialized
745:M 06 Apr 2022 06:31:59.035 # WARNING overcommit_memory is set to 0! Background save may fail under low memory condition. To fix this issue add 'vm.overcommit_memory = 1' to /etc/sysctl.conf and then reboot or run the command 'sysctl vm.overcommit_memory=1' for this to take effect.
745:M 06 Apr 2022 06:31:59.035 # WARNING you have Transparent Huge Pages (THP) support enabled in your kernel. This will create latency and memory usage issues with Redis. To fix this issue run the command 'echo never > /sys/kernel/mm/transparent_hugepage/enabled' as root, and add it to your /etc/rc.local in order to retain the setting after a reboot. Redis must be restarted after THP is disabled.
745:M 06 Apr 2022 06:31:59.035 * Ready to accept connections
523:C 06 Apr 2022 06:54:32.879 # oO0OoO0OoO0Oo Redis is starting oO0OoO0OoO0Oo
523:C 06 Apr 2022 06:54:32.879 # Redis version=5.0.3, bits=64, commit=00000000, modified=0, pid=523, just started
523:C 06 Apr 2022 06:54:32.879 # Configuration loaded
523:M 06 Apr 2022 06:54:32.900 * Running mode=standalone, port=11001.
523:M 06 Apr 2022 06:54:32.900 # Server initialized
523:M 06 Apr 2022 06:54:32.900 # WARNING overcommit_memory is set to 0! Background save may fail under low memory condition. To fix this issue add 'vm.overcommit_memory = 1' to /etc/sysctl.conf and then reboot or run the command 'sysctl vm.overcommit_memory=1' for this to take effect.
523:M 06 Apr 2022 06:54:32.900 # WARNING you have Transparent Huge Pages (THP) support enabled in your kernel. This will create latency and memory usage issues with Redis. To fix this issue run the command 'echo never > /sys/kernel/mm/transparent_hugepage/enabled' as root, and add it to your /etc/rc.local in order to retain the setting after a reboot. Redis must be restarted after THP is disabled.
523:M 06 Apr 2022 06:54:32.900 * Ready to accept connections
629:C 12 May 2022 13:15:38.336 # oO0OoO0OoO0Oo Redis is starting oO0OoO0OoO0Oo
629:C 12 May 2022 13:15:38.344 # Redis version=5.0.3, bits=64, commit=00000000, modified=0, pid=629, just started
629:C 12 May 2022 13:15:38.344 # Configuration loaded
629:M 12 May 2022 13:15:38.350 * Running mode=standalone, port=11001.
629:M 12 May 2022 13:15:38.350 # Server initialized
629:M 12 May 2022 13:15:38.350 # WARNING overcommit_memory is set to 0! Background save may fail under low memory condition. To fix this issue add 'vm.overcommit_memory = 1' to /etc/sysctl.conf and then reboot or run the command 'sysctl vm.overcommit_memory=1' for this to take effect.
629:M 12 May 2022 13:15:38.350 # WARNING you have Transparent Huge Pages (THP) support enabled in your kernel. This will create latency and memory usage issues with Redis. To fix this issue run the command 'echo never > /sys/kernel/mm/transparent_hugepage/enabled' as root, and add it to your /etc/rc.local in order to retain the setting after a reboot. Redis must be restarted after THP is disabled.
629:M 12 May 2022 13:15:38.350 * Ready to accept connections
297:C 12 May 2022 15:13:15.015 # oO0OoO0OoO0Oo Redis is starting oO0OoO0OoO0Oo
297:C 12 May 2022 15:13:15.015 # Redis version=5.0.3, bits=64, commit=00000000, modified=0, pid=297, just started
297:C 12 May 2022 15:13:15.015 # Configuration loaded
297:M 12 May 2022 15:13:15.024 * Running mode=standalone, port=11001.
297:M 12 May 2022 15:13:15.024 # Server initialized
297:M 12 May 2022 15:13:15.024 # WARNING overcommit_memory is set to 0! Background save may fail under low memory condition. To fix this issue add 'vm.overcommit_memory = 1' to /etc/sysctl.conf and then reboot or run the command 'sysctl vm.overcommit_memory=1' for this to take effect.
297:M 12 May 2022 15:13:15.024 # WARNING you have Transparent Huge Pages (THP) support enabled in your kernel. This will create latency and memory usage issues with Redis. To fix this issue run the command 'echo never > /sys/kernel/mm/transparent_hugepage/enabled' as root, and add it to your /etc/rc.local in order to retain the setting after a reboot. Redis must be restarted after THP is disabled.
297:M 12 May 2022 15:13:15.024 * Ready to accept connections
288:C 13 May 2022 13:27:32.594 # oO0OoO0OoO0Oo Redis is starting oO0OoO0OoO0Oo
288:C 13 May 2022 13:27:32.594 # Redis version=5.0.3, bits=64, commit=00000000, modified=0, pid=288, just started
288:C 13 May 2022 13:27:32.594 # Configuration loaded
288:M 13 May 2022 13:27:32.611 * Running mode=standalone, port=11001.
288:M 13 May 2022 13:27:32.611 # Server initialized
288:M 13 May 2022 13:27:32.611 # WARNING overcommit_memory is set to 0! Background save may fail under low memory condition. To fix this issue add 'vm.overcommit_memory = 1' to /etc/sysctl.conf and then reboot or run the command 'sysctl vm.overcommit_memory=1' for this to take effect.
288:M 13 May 2022 13:27:32.611 # WARNING you have Transparent Huge Pages (THP) support enabled in your kernel. This will create latency and memory usage issues with Redis. To fix this issue run the command 'echo never > /sys/kernel/mm/transparent_hugepage/enabled' as root, and add it to your /etc/rc.local in order to retain the setting after a reboot. Redis must be restarted after THP is disabled.
288:M 13 May 2022 13:27:32.611 * Ready to accept connections
289:C 13 May 2022 13:36:48.164 # oO0OoO0OoO0Oo Redis is starting oO0OoO0OoO0Oo
289:C 13 May 2022 13:36:48.164 # Redis version=5.0.3, bits=64, commit=00000000, modified=0, pid=289, just started
289:C 13 May 2022 13:36:48.164 # Configuration loaded
289:M 13 May 2022 13:36:48.170 * Running mode=standalone, port=11001.
289:M 13 May 2022 13:36:48.170 # Server initialized
289:M 13 May 2022 13:36:48.171 # WARNING overcommit_memory is set to 0! Background save may fail under low memory condition. To fix this issue add 'vm.overcommit_memory = 1' to /etc/sysctl.conf and then reboot or run the command 'sysctl vm.overcommit_memory=1' for this to take effect.
289:M 13 May 2022 13:36:48.171 # WARNING you have Transparent Huge Pages (THP) support enabled in your kernel. This will create latency and memory usage issues with Redis. To fix this issue run the command 'echo never > /sys/kernel/mm/transparent_hugepage/enabled' as root, and add it to your /etc/rc.local in order to retain the setting after a reboot. Redis must be restarted after THP is disabled.
289:M 13 May 2022 13:36:48.171 * Ready to accept connections
289:C 14 May 2022 03:59:52.808 # oO0OoO0OoO0Oo Redis is starting oO0OoO0OoO0Oo
289:C 14 May 2022 03:59:52.808 # Redis version=5.0.3, bits=64, commit=00000000, modified=0, pid=289, just started
289:C 14 May 2022 03:59:52.808 # Configuration loaded
289:M 14 May 2022 03:59:52.811 * Running mode=standalone, port=11001.
289:M 14 May 2022 03:59:52.811 # Server initialized
289:M 14 May 2022 03:59:52.811 # WARNING overcommit_memory is set to 0! Background save may fail under low memory condition. To fix this issue add 'vm.overcommit_memory = 1' to /etc/sysctl.conf and then reboot or run the command 'sysctl vm.overcommit_memory=1' for this to take effect.
289:M 14 May 2022 03:59:52.811 # WARNING you have Transparent Huge Pages (THP) support enabled in your kernel. This will create latency and memory usage issues with Redis. To fix this issue run the command 'echo never > /sys/kernel/mm/transparent_hugepage/enabled' as root, and add it to your /etc/rc.local in order to retain the setting after a reboot. Redis must be restarted after THP is disabled.
289:M 14 May 2022 03:59:52.811 * Ready to accept connections
430:C 14 May 2022 12:44:01.511 # oO0OoO0OoO0Oo Redis is starting oO0OoO0OoO0Oo
430:C 14 May 2022 12:44:01.511 # Redis version=5.0.3, bits=64, commit=00000000, modified=0, pid=430, just started
430:C 14 May 2022 12:44:01.511 # Configuration loaded
430:M 14 May 2022 12:44:01.533 * Running mode=standalone, port=11001.
430:M 14 May 2022 12:44:01.538 # Server initialized
430:M 14 May 2022 12:44:01.538 # WARNING overcommit_memory is set to 0! Background save may fail under low memory condition. To fix this issue add 'vm.overcommit_memory = 1' to /etc/sysctl.conf and then reboot or run the command 'sysctl vm.overcommit_memory=1' for this to take effect.
430:M 14 May 2022 12:44:01.539 # WARNING you have Transparent Huge Pages (THP) support enabled in your kernel. This will create latency and memory usage issues with Redis. To fix this issue run the command 'echo never > /sys/kernel/mm/transparent_hugepage/enabled' as root, and add it to your /etc/rc.local in order to retain the setting after a reboot. Redis must be restarted after THP is disabled.
430:M 14 May 2022 12:44:01.539 * Ready to accept connections
430:signal-handler (1652532369) Received SIGTERM scheduling shutdown...
430:M 14 May 2022 12:46:09.953 # User requested shutdown...
430:M 14 May 2022 12:46:09.953 * Removing the pid file.
430:M 14 May 2022 12:46:09.955 # Redis is now ready to exit, bye bye...
339:C 14 May 2022 12:47:50.095 # oO0OoO0OoO0Oo Redis is starting oO0OoO0OoO0Oo
339:C 14 May 2022 12:47:50.095 # Redis version=5.0.3, bits=64, commit=00000000, modified=0, pid=339, just started
339:C 14 May 2022 12:47:50.095 # Configuration loaded
339:M 14 May 2022 12:47:50.108 * Running mode=standalone, port=11001.
339:M 14 May 2022 12:47:50.108 # Server initialized
339:M 14 May 2022 12:47:50.108 # WARNING overcommit_memory is set to 0! Background save may fail under low memory condition. To fix this issue add 'vm.overcommit_memory = 1' to /etc/sysctl.conf and then reboot or run the command 'sysctl vm.overcommit_memory=1' for this to take effect.
339:M 14 May 2022 12:47:50.108 # WARNING you have Transparent Huge Pages (THP) support enabled in your kernel. This will create latency and memory usage issues with Redis. To fix this issue run the command 'echo never > /sys/kernel/mm/transparent_hugepage/enabled' as root, and add it to your /etc/rc.local in order to retain the setting after a reboot. Redis must be restarted after THP is disabled.
339:M 14 May 2022 12:47:50.108 * Ready to accept connections
287:C 16 May 2022 04:41:48.037 # oO0OoO0OoO0Oo Redis is starting oO0OoO0OoO0Oo
287:C 16 May 2022 04:41:48.037 # Redis version=5.0.3, bits=64, commit=00000000, modified=0, pid=287, just started
287:C 16 May 2022 04:41:48.037 # Configuration loaded
287:M 16 May 2022 04:41:48.050 * Running mode=standalone, port=11001.
287:M 16 May 2022 04:41:48.050 # Server initialized
287:M 16 May 2022 04:41:48.050 # WARNING overcommit_memory is set to 0! Background save may fail under low memory condition. To fix this issue add 'vm.overcommit_memory = 1' to /etc/sysctl.conf and then reboot or run the command 'sysctl vm.overcommit_memory=1' for this to take effect.
287:M 16 May 2022 04:41:48.050 # WARNING you have Transparent Huge Pages (THP) support enabled in your kernel. This will create latency and memory usage issues with Redis. To fix this issue run the command 'echo never > /sys/kernel/mm/transparent_hugepage/enabled' as root, and add it to your /etc/rc.local in order to retain the setting after a reboot. Redis must be restarted after THP is disabled.
287:M 16 May 2022 04:41:48.050 * Ready to accept connections
288:C 17 May 2022 04:35:54.685 # oO0OoO0OoO0Oo Redis is starting oO0OoO0OoO0Oo
288:C 17 May 2022 04:35:54.685 # Redis version=5.0.3, bits=64, commit=00000000, modified=0, pid=288, just started
288:C 17 May 2022 04:35:54.685 # Configuration loaded
288:M 17 May 2022 04:35:54.691 * Running mode=standalone, port=11001.
288:M 17 May 2022 04:35:54.691 # Server initialized
288:M 17 May 2022 04:35:54.691 # WARNING overcommit_memory is set to 0! Background save may fail under low memory condition. To fix this issue add 'vm.overcommit_memory = 1' to /etc/sysctl.conf and then reboot or run the command 'sysctl vm.overcommit_memory=1' for this to take effect.
288:M 17 May 2022 04:35:54.691 # WARNING you have Transparent Huge Pages (THP) support enabled in your kernel. This will create latency and memory usage issues with Redis. To fix this issue run the command 'echo never > /sys/kernel/mm/transparent_hugepage/enabled' as root, and add it to your /etc/rc.local in order to retain the setting after a reboot. Redis must be restarted after THP is disabled.
288:M 17 May 2022 04:35:54.691 * Ready to accept connections
316:C 21 May 2022 05:26:52.880 # oO0OoO0OoO0Oo Redis is starting oO0OoO0OoO0Oo
316:C 21 May 2022 05:26:52.881 # Redis version=5.0.3, bits=64, commit=00000000, modified=0, pid=316, just started
316:C 21 May 2022 05:26:52.881 # Configuration loaded
316:M 21 May 2022 05:26:52.884 * Running mode=standalone, port=11001.
316:M 21 May 2022 05:26:52.885 # Server initialized
316:M 21 May 2022 05:26:52.885 # WARNING overcommit_memory is set to 0! Background save may fail under low memory condition. To fix this issue add 'vm.overcommit_memory = 1' to /etc/sysctl.conf and then reboot or run the command 'sysctl vm.overcommit_memory=1' for this to take effect.
316:M 21 May 2022 05:26:52.885 # WARNING you have Transparent Huge Pages (THP) support enabled in your kernel. This will create latency and memory usage issues with Redis. To fix this issue run the command 'echo never > /sys/kernel/mm/transparent_hugepage/enabled' as root, and add it to your /etc/rc.local in order to retain the setting after a reboot. Redis must be restarted after THP is disabled.
316:M 21 May 2022 05:26:52.886 * Ready to accept connections
587:C 21 May 2022 11:51:01.187 # oO0OoO0OoO0Oo Redis is starting oO0OoO0OoO0Oo
587:C 21 May 2022 11:51:01.188 # Redis version=5.0.3, bits=64, commit=00000000, modified=0, pid=587, just started
587:C 21 May 2022 11:51:01.188 # Configuration loaded
587:M 21 May 2022 11:51:01.271 * Running mode=standalone, port=11001.
587:M 21 May 2022 11:51:01.271 # Server initialized
587:M 21 May 2022 11:51:01.271 # WARNING overcommit_memory is set to 0! Background save may fail under low memory condition. To fix this issue add 'vm.overcommit_memory = 1' to /etc/sysctl.conf and then reboot or run the command 'sysctl vm.overcommit_memory=1' for this to take effect.
587:M 21 May 2022 11:51:01.271 # WARNING you have Transparent Huge Pages (THP) support enabled in your kernel. This will create latency and memory usage issues with Redis. To fix this issue run the command 'echo never > /sys/kernel/mm/transparent_hugepage/enabled' as root, and add it to your /etc/rc.local in order to retain the setting after a reboot. Redis must be restarted after THP is disabled.
587:M 21 May 2022 11:51:01.272 * Ready to accept connections
453:C 21 May 2022 13:22:39.458 # oO0OoO0OoO0Oo Redis is starting oO0OoO0OoO0Oo
453:C 21 May 2022 13:22:39.458 # Redis version=5.0.3, bits=64, commit=00000000, modified=0, pid=453, just started
453:C 21 May 2022 13:22:39.458 # Configuration loaded
453:M 21 May 2022 13:22:39.470 * Running mode=standalone, port=11001.
453:M 21 May 2022 13:22:39.471 # Server initialized
453:M 21 May 2022 13:22:39.471 # WARNING overcommit_memory is set to 0! Background save may fail under low memory condition. To fix this issue add 'vm.overcommit_memory = 1' to /etc/sysctl.conf and then reboot or run the command 'sysctl vm.overcommit_memory=1' for this to take effect.
453:M 21 May 2022 13:22:39.471 # WARNING you have Transparent Huge Pages (THP) support enabled in your kernel. This will create latency and memory usage issues with Redis. To fix this issue run the command 'echo never > /sys/kernel/mm/transparent_hugepage/enabled' as root, and add it to your /etc/rc.local in order to retain the setting after a reboot. Redis must be restarted after THP is disabled.
453:M 21 May 2022 13:22:39.471 * Ready to accept connections
335:C 21 May 2022 13:25:58.651 # oO0OoO0OoO0Oo Redis is starting oO0OoO0OoO0Oo
335:C 21 May 2022 13:25:58.668 # Redis version=5.0.3, bits=64, commit=00000000, modified=0, pid=335, just started
335:C 21 May 2022 13:25:58.668 # Configuration loaded
335:M 21 May 2022 13:25:58.671 * Running mode=standalone, port=11001.
335:M 21 May 2022 13:25:58.671 # Server initialized
335:M 21 May 2022 13:25:58.671 # WARNING overcommit_memory is set to 0! Background save may fail under low memory condition. To fix this issue add 'vm.overcommit_memory = 1' to /etc/sysctl.conf and then reboot or run the command 'sysctl vm.overcommit_memory=1' for this to take effect.
335:M 21 May 2022 13:25:58.671 # WARNING you have Transparent Huge Pages (THP) support enabled in your kernel. This will create latency and memory usage issues with Redis. To fix this issue run the command 'echo never > /sys/kernel/mm/transparent_hugepage/enabled' as root, and add it to your /etc/rc.local in order to retain the setting after a reboot. Redis must be restarted after THP is disabled.
335:M 21 May 2022 13:25:58.671 * Ready to accept connections
824:C 21 May 2022 14:28:25.477 # oO0OoO0OoO0Oo Redis is starting oO0OoO0OoO0Oo
824:C 21 May 2022 14:28:25.477 # Redis version=5.0.3, bits=64, commit=00000000, modified=0, pid=824, just started
824:C 21 May 2022 14:28:25.477 # Configuration loaded
824:M 21 May 2022 14:28:25.511 * Running mode=standalone, port=11001.
824:M 21 May 2022 14:28:25.511 # Server initialized
824:M 21 May 2022 14:28:25.511 # WARNING overcommit_memory is set to 0! Background save may fail under low memory condition. To fix this issue add 'vm.overcommit_memory = 1' to /etc/sysctl.conf and then reboot or run the command 'sysctl vm.overcommit_memory=1' for this to take effect.
824:M 21 May 2022 14:28:25.511 # WARNING you have Transparent Huge Pages (THP) support enabled in your kernel. This will create latency and memory usage issues with Redis. To fix this issue run the command 'echo never > /sys/kernel/mm/transparent_hugepage/enabled' as root, and add it to your /etc/rc.local in order to retain the setting after a reboot. Redis must be restarted after THP is disabled.
824:M 21 May 2022 14:28:25.511 * Ready to accept connections
317:C 21 May 2022 19:38:36.267 # oO0OoO0OoO0Oo Redis is starting oO0OoO0OoO0Oo
317:C 21 May 2022 19:38:36.267 # Redis version=5.0.3, bits=64, commit=00000000, modified=0, pid=317, just started
317:C 21 May 2022 19:38:36.267 # Configuration loaded
317:M 21 May 2022 19:38:36.279 * Running mode=standalone, port=11001.
317:M 21 May 2022 19:38:36.279 # Server initialized
317:M 21 May 2022 19:38:36.279 # WARNING overcommit_memory is set to 0! Background save may fail under low memory condition. To fix this issue add 'vm.overcommit_memory = 1' to /etc/sysctl.conf and then reboot or run the command 'sysctl vm.overcommit_memory=1' for this to take effect.
317:M 21 May 2022 19:38:36.279 # WARNING you have Transparent Huge Pages (THP) support enabled in your kernel. This will create latency and memory usage issues with Redis. To fix this issue run the command 'echo never > /sys/kernel/mm/transparent_hugepage/enabled' as root, and add it to your /etc/rc.local in order to retain the setting after a reboot. Redis must be restarted after THP is disabled.
317:M 21 May 2022 19:38:36.279 * Ready to accept connections
16835:C 23 May 2022 04:15:30.217 # oO0OoO0OoO0Oo Redis is starting oO0OoO0OoO0Oo
16835:C 23 May 2022 04:15:30.218 # Redis version=5.0.3, bits=64, commit=00000000, modified=0, pid=16835, just started
16835:C 23 May 2022 04:15:30.219 # Configuration loaded
16835:M 23 May 2022 04:15:30.225 * Running mode=standalone, port=11001.
16835:M 23 May 2022 04:15:30.226 # Server initialized
16835:M 23 May 2022 04:15:30.236 # WARNING overcommit_memory is set to 0! Background save may fail under low memory condition. To fix this issue add 'vm.overcommit_memory = 1' to /etc/sysctl.conf and then reboot or run the command 'sysctl vm.overcommit_memory=1' for this to take effect.
16835:M 23 May 2022 04:15:30.236 # WARNING you have Transparent Huge Pages (THP) support enabled in your kernel. This will create latency and memory usage issues with Redis. To fix this issue run the command 'echo never > /sys/kernel/mm/transparent_hugepage/enabled' as root, and add it to your /etc/rc.local in order to retain the setting after a reboot. Redis must be restarted after THP is disabled.
16835:M 23 May 2022 04:15:30.236 * Ready to accept connections
1572:C 23 May 2022 04:34:50.329 # oO0OoO0OoO0Oo Redis is starting oO0OoO0OoO0Oo
1572:C 23 May 2022 04:34:50.329 # Redis version=5.0.3, bits=64, commit=00000000, modified=0, pid=1572, just started
1572:C 23 May 2022 04:34:50.329 # Configuration loaded
1572:M 23 May 2022 04:34:50.347 * Running mode=standalone, port=11001.
1572:M 23 May 2022 04:34:50.347 # Server initialized
1572:M 23 May 2022 04:34:50.347 # WARNING overcommit_memory is set to 0! Background save may fail under low memory condition. To fix this issue add 'vm.overcommit_memory = 1' to /etc/sysctl.conf and then reboot or run the command 'sysctl vm.overcommit_memory=1' for this to take effect.
1572:M 23 May 2022 04:34:50.347 # WARNING you have Transparent Huge Pages (THP) support enabled in your kernel. This will create latency and memory usage issues with Redis. To fix this issue run the command 'echo never > /sys/kernel/mm/transparent_hugepage/enabled' as root, and add it to your /etc/rc.local in order to retain the setting after a reboot. Redis must be restarted after THP is disabled.
1572:M 23 May 2022 04:34:50.348 * Ready to accept connections
327:C 23 May 2022 04:38:36.180 # oO0OoO0OoO0Oo Redis is starting oO0OoO0OoO0Oo
327:C 23 May 2022 04:38:36.180 # Redis version=5.0.3, bits=64, commit=00000000, modified=0, pid=327, just started
327:C 23 May 2022 04:38:36.180 # Configuration loaded
327:M 23 May 2022 04:38:36.184 * Running mode=standalone, port=11001.
327:M 23 May 2022 04:38:36.184 # Server initialized
327:M 23 May 2022 04:38:36.184 # WARNING overcommit_memory is set to 0! Background save may fail under low memory condition. To fix this issue add 'vm.overcommit_memory = 1' to /etc/sysctl.conf and then reboot or run the command 'sysctl vm.overcommit_memory=1' for this to take effect.
327:M 23 May 2022 04:38:36.184 # WARNING you have Transparent Huge Pages (THP) support enabled in your kernel. This will create latency and memory usage issues with Redis. To fix this issue run the command 'echo never > /sys/kernel/mm/transparent_hugepage/enabled' as root, and add it to your /etc/rc.local in order to retain the setting after a reboot. Redis must be restarted after THP is disabled.
327:M 23 May 2022 04:38:36.184 * Ready to accept connections
457:C 23 May 2022 05:05:46.514 # oO0OoO0OoO0Oo Redis is starting oO0OoO0OoO0Oo
457:C 23 May 2022 05:05:46.514 # Redis version=5.0.3, bits=64, commit=00000000, modified=0, pid=457, just started
457:C 23 May 2022 05:05:46.514 # Configuration loaded
457:M 23 May 2022 05:05:46.527 * Running mode=standalone, port=11001.
457:M 23 May 2022 05:05:46.527 # Server initialized
457:M 23 May 2022 05:05:46.527 # WARNING overcommit_memory is set to 0! Background save may fail under low memory condition. To fix this issue add 'vm.overcommit_memory = 1' to /etc/sysctl.conf and then reboot or run the command 'sysctl vm.overcommit_memory=1' for this to take effect.
457:M 23 May 2022 05:05:46.527 # WARNING you have Transparent Huge Pages (THP) support enabled in your kernel. This will create latency and memory usage issues with Redis. To fix this issue run the command 'echo never > /sys/kernel/mm/transparent_hugepage/enabled' as root, and add it to your /etc/rc.local in order to retain the setting after a reboot. Redis must be restarted after THP is disabled.
457:M 23 May 2022 05:05:46.527 * Ready to accept connections
462:C 23 May 2022 05:33:52.094 # oO0OoO0OoO0Oo Redis is starting oO0OoO0OoO0Oo
462:C 23 May 2022 05:33:52.096 # Redis version=5.0.3, bits=64, commit=00000000, modified=0, pid=462, just started
462:C 23 May 2022 05:33:52.097 # Configuration loaded
462:M 23 May 2022 05:33:52.104 * Running mode=standalone, port=11001.
462:M 23 May 2022 05:33:52.117 # Server initialized
462:M 23 May 2022 05:33:52.117 # WARNING overcommit_memory is set to 0! Background save may fail under low memory condition. To fix this issue add 'vm.overcommit_memory = 1' to /etc/sysctl.conf and then reboot or run the command 'sysctl vm.overcommit_memory=1' for this to take effect.
462:M 23 May 2022 05:33:52.118 # WARNING you have Transparent Huge Pages (THP) support enabled in your kernel. This will create latency and memory usage issues with Redis. To fix this issue run the command 'echo never > /sys/kernel/mm/transparent_hugepage/enabled' as root, and add it to your /etc/rc.local in order to retain the setting after a reboot. Redis must be restarted after THP is disabled.
462:M 23 May 2022 05:33:52.119 * Ready to accept connections
510:C 23 May 2022 06:17:19.035 # oO0OoO0OoO0Oo Redis is starting oO0OoO0OoO0Oo
510:C 23 May 2022 06:17:19.035 # Redis version=5.0.3, bits=64, commit=00000000, modified=0, pid=510, just started
510:C 23 May 2022 06:17:19.035 # Configuration loaded
510:M 23 May 2022 06:17:19.050 * Running mode=standalone, port=11001.
510:M 23 May 2022 06:17:19.050 # Server initialized
510:M 23 May 2022 06:17:19.050 # WARNING overcommit_memory is set to 0! Background save may fail under low memory condition. To fix this issue add 'vm.overcommit_memory = 1' to /etc/sysctl.conf and then reboot or run the command 'sysctl vm.overcommit_memory=1' for this to take effect.
510:M 23 May 2022 06:17:19.050 # WARNING you have Transparent Huge Pages (THP) support enabled in your kernel. This will create latency and memory usage issues with Redis. To fix this issue run the command 'echo never > /sys/kernel/mm/transparent_hugepage/enabled' as root, and add it to your /etc/rc.local in order to retain the setting after a reboot. Redis must be restarted after THP is disabled.
510:M 23 May 2022 06:17:19.050 * Ready to accept connections
342:C 23 May 2022 07:47:45.522 # oO0OoO0OoO0Oo Redis is starting oO0OoO0OoO0Oo
342:C 23 May 2022 07:47:45.524 # Redis version=5.0.3, bits=64, commit=00000000, modified=0, pid=342, just started
342:C 23 May 2022 07:47:45.524 # Configuration loaded
342:M 23 May 2022 07:47:45.529 * Running mode=standalone, port=11001.
342:M 23 May 2022 07:47:45.529 # Server initialized
342:M 23 May 2022 07:47:45.531 # WARNING overcommit_memory is set to 0! Background save may fail under low memory condition. To fix this issue add 'vm.overcommit_memory = 1' to /etc/sysctl.conf and then reboot or run the command 'sysctl vm.overcommit_memory=1' for this to take effect.
342:M 23 May 2022 07:47:45.535 # WARNING you have Transparent Huge Pages (THP) support enabled in your kernel. This will create latency and memory usage issues with Redis. To fix this issue run the command 'echo never > /sys/kernel/mm/transparent_hugepage/enabled' as root, and add it to your /etc/rc.local in order to retain the setting after a reboot. Redis must be restarted after THP is disabled.
342:M 23 May 2022 07:47:45.535 * Ready to accept connections
336:C 25 May 2022 04:18:28.647 # oO0OoO0OoO0Oo Redis is starting oO0OoO0OoO0Oo
336:C 25 May 2022 04:18:28.647 # Redis version=5.0.3, bits=64, commit=00000000, modified=0, pid=336, just started
336:C 25 May 2022 04:18:28.647 # Configuration loaded
336:M 25 May 2022 04:18:28.656 * Running mode=standalone, port=11001.
336:M 25 May 2022 04:18:28.656 # Server initialized
336:M 25 May 2022 04:18:28.656 # WARNING overcommit_memory is set to 0! Background save may fail under low memory condition. To fix this issue add 'vm.overcommit_memory = 1' to /etc/sysctl.conf and then reboot or run the command 'sysctl vm.overcommit_memory=1' for this to take effect.
336:M 25 May 2022 04:18:28.656 # WARNING you have Transparent Huge Pages (THP) support enabled in your kernel. This will create latency and memory usage issues with Redis. To fix this issue run the command 'echo never > /sys/kernel/mm/transparent_hugepage/enabled' as root, and add it to your /etc/rc.local in order to retain the setting after a reboot. Redis must be restarted after THP is disabled.
336:M 25 May 2022 04:18:28.656 * Ready to accept connections
317:C 26 May 2022 11:13:26.559 # oO0OoO0OoO0Oo Redis is starting oO0OoO0OoO0Oo
317:C 26 May 2022 11:13:26.559 # Redis version=5.0.3, bits=64, commit=00000000, modified=0, pid=317, just started
317:C 26 May 2022 11:13:26.559 # Configuration loaded
317:M 26 May 2022 11:13:26.577 * Running mode=standalone, port=11001.
317:M 26 May 2022 11:13:26.577 # Server initialized
317:M 26 May 2022 11:13:26.577 # WARNING overcommit_memory is set to 0! Background save may fail under low memory condition. To fix this issue add 'vm.overcommit_memory = 1' to /etc/sysctl.conf and then reboot or run the command 'sysctl vm.overcommit_memory=1' for this to take effect.
317:M 26 May 2022 11:13:26.577 # WARNING you have Transparent Huge Pages (THP) support enabled in your kernel. This will create latency and memory usage issues with Redis. To fix this issue run the command 'echo never > /sys/kernel/mm/transparent_hugepage/enabled' as root, and add it to your /etc/rc.local in order to retain the setting after a reboot. Redis must be restarted after THP is disabled.
317:M 26 May 2022 11:13:26.577 * Ready to accept connections
425:C 27 May 2022 10:24:12.259 # oO0OoO0OoO0Oo Redis is starting oO0OoO0OoO0Oo
425:C 27 May 2022 10:24:12.259 # Redis version=5.0.3, bits=64, commit=00000000, modified=0, pid=425, just started
425:C 27 May 2022 10:24:12.259 # Configuration loaded
425:M 27 May 2022 10:24:12.277 * Running mode=standalone, port=11001.
425:M 27 May 2022 10:24:12.277 # Server initialized
425:M 27 May 2022 10:24:12.277 # WARNING overcommit_memory is set to 0! Background save may fail under low memory condition. To fix this issue add 'vm.overcommit_memory = 1' to /etc/sysctl.conf and then reboot or run the command 'sysctl vm.overcommit_memory=1' for this to take effect.
425:M 27 May 2022 10:24:12.277 # WARNING you have Transparent Huge Pages (THP) support enabled in your kernel. This will create latency and memory usage issues with Redis. To fix this issue run the command 'echo never > /sys/kernel/mm/transparent_hugepage/enabled' as root, and add it to your /etc/rc.local in order to retain the setting after a reboot. Redis must be restarted after THP is disabled.
425:M 27 May 2022 10:24:12.279 * Ready to accept connections
359:C 30 May 2022 04:03:51.724 # oO0OoO0OoO0Oo Redis is starting oO0OoO0OoO0Oo
359:C 30 May 2022 04:03:51.724 # Redis version=5.0.3, bits=64, commit=00000000, modified=0, pid=359, just started
359:C 30 May 2022 04:03:51.724 # Configuration loaded
359:M 30 May 2022 04:03:51.766 * Running mode=standalone, port=11001.
359:M 30 May 2022 04:03:51.766 # Server initialized
359:M 30 May 2022 04:03:51.766 # WARNING overcommit_memory is set to 0! Background save may fail under low memory condition. To fix this issue add 'vm.overcommit_memory = 1' to /etc/sysctl.conf and then reboot or run the command 'sysctl vm.overcommit_memory=1' for this to take effect.
359:M 30 May 2022 04:03:51.766 # WARNING you have Transparent Huge Pages (THP) support enabled in your kernel. This will create latency and memory usage issues with Redis. To fix this issue run the command 'echo never > /sys/kernel/mm/transparent_hugepage/enabled' as root, and add it to your /etc/rc.local in order to retain the setting after a reboot. Redis must be restarted after THP is disabled.
359:M 30 May 2022 04:03:51.766 * Ready to accept connections
316:C 04 Jun 2022 13:26:33.124 # oO0OoO0OoO0Oo Redis is starting oO0OoO0OoO0Oo
316:C 04 Jun 2022 13:26:33.125 # Redis version=5.0.3, bits=64, commit=00000000, modified=0, pid=316, just started
316:C 04 Jun 2022 13:26:33.125 # Configuration loaded
316:M 04 Jun 2022 13:26:33.188 * Running mode=standalone, port=11001.
316:M 04 Jun 2022 13:26:33.188 # Server initialized
316:M 04 Jun 2022 13:26:33.188 # WARNING overcommit_memory is set to 0! Background save may fail under low memory condition. To fix this issue add 'vm.overcommit_memory = 1' to /etc/sysctl.conf and then reboot or run the command 'sysctl vm.overcommit_memory=1' for this to take effect.
316:M 04 Jun 2022 13:26:33.188 # WARNING you have Transparent Huge Pages (THP) support enabled in your kernel. This will create latency and memory usage issues with Redis. To fix this issue run the command 'echo never > /sys/kernel/mm/transparent_hugepage/enabled' as root, and add it to your /etc/rc.local in order to retain the setting after a reboot. Redis must be restarted after THP is disabled.
316:M 04 Jun 2022 13:26:33.188 * Ready to accept connections
298:C 05 Jun 2022 11:46:46.423 # oO0OoO0OoO0Oo Redis is starting oO0OoO0OoO0Oo
298:C 05 Jun 2022 11:46:46.423 # Redis version=5.0.3, bits=64, commit=00000000, modified=0, pid=298, just started
298:C 05 Jun 2022 11:46:46.423 # Configuration loaded
298:M 05 Jun 2022 11:46:46.442 * Running mode=standalone, port=11001.
298:M 05 Jun 2022 11:46:46.442 # Server initialized
298:M 05 Jun 2022 11:46:46.442 # WARNING overcommit_memory is set to 0! Background save may fail under low memory condition. To fix this issue add 'vm.overcommit_memory = 1' to /etc/sysctl.conf and then reboot or run the command 'sysctl vm.overcommit_memory=1' for this to take effect.
298:M 05 Jun 2022 11:46:46.442 # WARNING you have Transparent Huge Pages (THP) support enabled in your kernel. This will create latency and memory usage issues with Redis. To fix this issue run the command 'echo never > /sys/kernel/mm/transparent_hugepage/enabled' as root, and add it to your /etc/rc.local in order to retain the setting after a reboot. Redis must be restarted after THP is disabled.
298:M 05 Jun 2022 11:46:46.442 * Ready to accept connections
