2022-06-05 12:21:01,612 DEBUG scheduler Queued events for site site1.local
2022-06-05 12:22:05,145 DEBUG scheduler Queued events for site site1.local
2022-06-05 12:22:06,951 INFO scheduler Scheduled Job Start: erpnext.crm.doctype.social_media_post.social_media_post.process_scheduled_social_media_posts for site1.local
2022-06-05 12:22:15,196 INFO scheduler Scheduled Job Complete: erpnext.crm.doctype.social_media_post.social_media_post.process_scheduled_social_media_posts for site1.local
2022-06-05 12:22:29,280 INFO scheduler Scheduled Job Start: erpnext.hr.doctype.interview.interview.send_interview_reminder for site1.local
2022-06-05 12:23:08,874 INFO scheduler Scheduled Job Complete: erpnext.hr.doctype.interview.interview.send_interview_reminder for site1.local
2022-06-05 12:23:09,402 DEBUG scheduler Queued events for site site1.local
2022-06-05 12:23:17,752 INFO scheduler Scheduled Job Start: erpnext.healthcare.doctype.patient_appointment.patient_appointment.send_appointment_reminder for site1.local
2022-06-05 12:23:24,552 INFO scheduler Scheduled Job Complete: erpnext.healthcare.doctype.patient_appointment.patient_appointment.send_appointment_reminder for site1.local
2022-06-05 12:23:24,938 INFO scheduler Scheduled Job Start: erpnext.projects.doctype.project.project.project_status_update_reminder for site1.local
2022-06-05 12:23:35,407 INFO scheduler Scheduled Job Complete: erpnext.projects.doctype.project.project.project_status_update_reminder for site1.local
2022-06-05 12:23:35,566 INFO scheduler Scheduled Job Start: frappe.monitor.flush for site1.local
2022-06-05 12:23:36,171 INFO scheduler Scheduled Job Complete: frappe.monitor.flush for site1.local
2022-06-05 12:23:36,388 INFO scheduler Scheduled Job Start: frappe.utils.global_search.sync_global_search for site1.local
2022-06-05 12:23:37,039 INFO scheduler Scheduled Job Complete: frappe.utils.global_search.sync_global_search for site1.local
2022-06-05 12:23:37,292 INFO scheduler Scheduled Job Start: frappe.integrations.doctype.razorpay_settings.razorpay_settings.capture_payment for site1.local
2022-06-05 12:23:41,813 INFO scheduler Scheduled Job Complete: frappe.integrations.doctype.razorpay_settings.razorpay_settings.capture_payment for site1.local
2022-06-05 12:23:42,132 INFO scheduler Scheduled Job Start: frappe.email.doctype.email_account.email_account.notify_unreplied for site1.local
2022-06-05 12:23:45,185 INFO scheduler Scheduled Job Complete: frappe.email.doctype.email_account.email_account.notify_unreplied for site1.local
2022-06-05 12:23:45,363 INFO scheduler Scheduled Job Start: frappe.email.doctype.email_account.email_account.pull for site1.local
2022-06-05 12:23:45,937 INFO scheduler Scheduled Job Complete: frappe.email.doctype.email_account.email_account.pull for site1.local
2022-06-05 12:23:46,133 INFO scheduler Scheduled Job Start: frappe.email.queue.flush for site1.local
2022-06-05 12:23:46,795 INFO scheduler Scheduled Job Complete: frappe.email.queue.flush for site1.local
2022-06-05 12:24:13,549 DEBUG scheduler Queued events for site site1.local
2022-06-05 12:25:14,185 DEBUG scheduler Queued events for site site1.local
2022-06-05 12:26:15,688 INFO scheduler Scheduled Job Start: erpnext.crm.doctype.social_media_post.social_media_post.process_scheduled_social_media_posts for site1.local
2022-06-05 12:26:15,717 DEBUG scheduler Queued events for site site1.local
2022-06-05 12:26:16,382 INFO scheduler Scheduled Job Complete: erpnext.crm.doctype.social_media_post.social_media_post.process_scheduled_social_media_posts for site1.local
2022-06-05 12:26:16,782 INFO scheduler Scheduled Job Start: erpnext.hr.doctype.interview.interview.send_interview_reminder for site1.local
2022-06-05 12:26:17,534 INFO scheduler Scheduled Job Complete: erpnext.hr.doctype.interview.interview.send_interview_reminder for site1.local
2022-06-05 12:26:17,817 INFO scheduler Scheduled Job Start: erpnext.healthcare.doctype.patient_appointment.patient_appointment.send_appointment_reminder for site1.local
2022-06-05 12:26:18,307 INFO scheduler Scheduled Job Complete: erpnext.healthcare.doctype.patient_appointment.patient_appointment.send_appointment_reminder for site1.local
2022-06-05 12:26:18,478 INFO scheduler Scheduled Job Start: erpnext.projects.doctype.project.project.project_status_update_reminder for site1.local
2022-06-05 12:26:19,753 INFO scheduler Scheduled Job Complete: erpnext.projects.doctype.project.project.project_status_update_reminder for site1.local
2022-06-05 12:26:20,007 INFO scheduler Scheduled Job Start: frappe.monitor.flush for site1.local
2022-06-05 12:26:20,475 INFO scheduler Scheduled Job Complete: frappe.monitor.flush for site1.local
2022-06-05 12:26:20,663 INFO scheduler Scheduled Job Start: frappe.utils.global_search.sync_global_search for site1.local
2022-06-05 12:26:21,016 INFO scheduler Scheduled Job Complete: frappe.utils.global_search.sync_global_search for site1.local
2022-06-05 12:26:21,210 INFO scheduler Scheduled Job Start: frappe.integrations.doctype.razorpay_settings.razorpay_settings.capture_payment for site1.local
2022-06-05 12:26:22,594 INFO scheduler Scheduled Job Complete: frappe.integrations.doctype.razorpay_settings.razorpay_settings.capture_payment for site1.local
2022-06-05 12:26:22,873 INFO scheduler Scheduled Job Start: frappe.email.doctype.email_account.email_account.notify_unreplied for site1.local
2022-06-05 12:26:24,363 INFO scheduler Scheduled Job Complete: frappe.email.doctype.email_account.email_account.notify_unreplied for site1.local
2022-06-05 12:26:24,537 INFO scheduler Scheduled Job Start: frappe.email.doctype.email_account.email_account.pull for site1.local
2022-06-05 12:26:25,065 INFO scheduler Scheduled Job Complete: frappe.email.doctype.email_account.email_account.pull for site1.local
2022-06-05 12:26:25,215 INFO scheduler Scheduled Job Start: frappe.email.queue.flush for site1.local
2022-06-05 12:26:25,629 INFO scheduler Scheduled Job Complete: frappe.email.queue.flush for site1.local
2022-06-05 12:27:16,546 DEBUG scheduler Queued events for site site1.local
2022-06-05 12:28:17,349 DEBUG scheduler Queued events for site site1.local
2022-06-05 12:29:18,024 DEBUG scheduler Queued events for site site1.local
2022-06-05 12:30:19,700 DEBUG scheduler Queued events for site site1.local
2022-06-05 12:30:35,512 INFO scheduler Scheduled Job Start: erpnext.erpnext_integrations.connectors.shopify_connection.sync_old_orders for site1.local
2022-06-05 12:31:08,632 INFO scheduler Scheduled Job Complete: erpnext.erpnext_integrations.connectors.shopify_connection.sync_old_orders for site1.local
2022-06-05 12:31:09,021 INFO scheduler Scheduled Job Start: erpnext.support.doctype.issue.issue.set_service_level_agreement_variance for site1.local
2022-06-05 12:31:10,447 INFO scheduler Scheduled Job Start: erpnext.stock.doctype.repost_item_valuation.repost_item_valuation.repost_entries for site1.local
2022-06-05 12:31:10,919 INFO scheduler Scheduled Job Complete: erpnext.support.doctype.issue.issue.set_service_level_agreement_variance for site1.local
2022-06-05 12:31:11,276 INFO scheduler Scheduled Job Start: erpnext.hr.doctype.shift_type.shift_type.process_auto_attendance_for_all_shifts for site1.local
2022-06-05 12:31:16,565 INFO scheduler Scheduled Job Complete: erpnext.hr.doctype.shift_type.shift_type.process_auto_attendance_for_all_shifts for site1.local
2022-06-05 12:31:18,819 INFO scheduler Scheduled Job Start: erpnext.projects.doctype.project.project.collect_project_status for site1.local
2022-06-05 12:31:21,517 INFO scheduler Scheduled Job Complete: erpnext.projects.doctype.project.project.collect_project_status for site1.local
2022-06-05 12:31:21,915 DEBUG scheduler Queued events for site site1.local
2022-06-05 12:31:22,895 INFO scheduler Scheduled Job Start: erpnext.projects.doctype.project.project.hourly_reminder for site1.local
2022-06-05 12:31:25,578 INFO scheduler Scheduled Job Complete: erpnext.projects.doctype.project.project.hourly_reminder for site1.local
2022-06-05 12:31:26,462 INFO scheduler Scheduled Job Start: erpnext.erpnext_integrations.doctype.plaid_settings.plaid_settings.automatic_synchronization for site1.local
2022-06-05 12:31:51,992 INFO scheduler Scheduled Job Complete: erpnext.erpnext_integrations.doctype.plaid_settings.plaid_settings.automatic_synchronization for site1.local
2022-06-05 12:32:07,307 INFO scheduler Scheduled Job Start: erpnext.accounts.doctype.gl_entry.gl_entry.rename_gle_sle_docs for site1.local
2022-06-05 12:32:11,572 INFO scheduler Scheduled Job Complete: erpnext.stock.doctype.repost_item_valuation.repost_item_valuation.repost_entries for site1.local
2022-06-05 12:32:15,497 INFO scheduler Scheduled Job Complete: erpnext.accounts.doctype.gl_entry.gl_entry.rename_gle_sle_docs for site1.local
2022-06-05 12:32:17,035 INFO scheduler Scheduled Job Start: erpnext.erpnext_integrations.doctype.amazon_mws_settings.amazon_mws_settings.schedule_get_order_details for site1.local
2022-06-05 12:32:20,095 INFO scheduler Scheduled Job Complete: erpnext.erpnext_integrations.doctype.amazon_mws_settings.amazon_mws_settings.schedule_get_order_details for site1.local
2022-06-05 12:32:20,246 INFO scheduler Scheduled Job Start: erpnext.accounts.doctype.subscription.subscription.process_all for site1.local
2022-06-05 12:32:21,763 INFO scheduler Scheduled Job Complete: erpnext.accounts.doctype.subscription.subscription.process_all for site1.local
2022-06-05 12:32:22,240 INFO scheduler Scheduled Job Start: erpnext.hr.doctype.daily_work_summary_group.daily_work_summary_group.trigger_emails for site1.local
2022-06-05 12:32:23,449 DEBUG scheduler Queued events for site site1.local
2022-06-05 12:32:24,709 INFO scheduler Scheduled Job Complete: erpnext.hr.doctype.daily_work_summary_group.daily_work_summary_group.trigger_emails for site1.local
2022-06-05 12:32:25,315 INFO scheduler Scheduled Job Start: erpnext.crm.doctype.social_media_post.social_media_post.process_scheduled_social_media_posts for site1.local
2022-06-05 12:32:28,388 INFO scheduler Scheduled Job Complete: erpnext.crm.doctype.social_media_post.social_media_post.process_scheduled_social_media_posts for site1.local
2022-06-05 12:32:29,152 INFO scheduler Scheduled Job Start: erpnext.hr.doctype.interview.interview.send_interview_reminder for site1.local
2022-06-05 12:32:32,691 INFO scheduler Scheduled Job Complete: erpnext.hr.doctype.interview.interview.send_interview_reminder for site1.local
2022-06-05 12:32:33,116 INFO scheduler Scheduled Job Start: erpnext.healthcare.doctype.patient_appointment.patient_appointment.send_appointment_reminder for site1.local
2022-06-05 12:32:34,579 INFO scheduler Scheduled Job Complete: erpnext.healthcare.doctype.patient_appointment.patient_appointment.send_appointment_reminder for site1.local
2022-06-05 12:32:35,216 INFO scheduler Scheduled Job Start: erpnext.projects.doctype.project.project.project_status_update_reminder for site1.local
2022-06-05 12:32:38,991 INFO scheduler Scheduled Job Complete: erpnext.projects.doctype.project.project.project_status_update_reminder for site1.local
2022-06-05 12:32:39,356 INFO scheduler Scheduled Job Start: erpnext.utilities.doctype.video.video.update_youtube_data for site1.local
2022-06-05 12:32:53,998 INFO scheduler Scheduled Job Failed: erpnext.utilities.doctype.video.video.update_youtube_data for site1.local
2022-06-05 12:32:54,812 INFO scheduler Scheduled Job Start: frappe.email.doctype.newsletter.newsletter.send_scheduled_email for site1.local
2022-06-05 12:32:57,420 INFO scheduler Scheduled Job Complete: frappe.email.doctype.newsletter.newsletter.send_scheduled_email for site1.local
2022-06-05 12:32:57,857 INFO scheduler Scheduled Job Start: frappe.integrations.doctype.google_calendar.google_calendar.sync for site1.local
2022-06-05 12:33:08,196 INFO scheduler Scheduled Job Complete: frappe.integrations.doctype.google_calendar.google_calendar.sync for site1.local
2022-06-05 12:33:08,479 INFO scheduler Scheduled Job Start: frappe.desk.form.document_follow.send_hourly_updates for site1.local
2022-06-05 12:33:09,123 INFO scheduler Scheduled Job Complete: frappe.desk.form.document_follow.send_hourly_updates for site1.local
2022-06-05 12:33:09,420 INFO scheduler Scheduled Job Start: frappe.deferred_insert.save_to_db for site1.local
2022-06-05 12:33:10,038 INFO scheduler Scheduled Job Complete: frappe.deferred_insert.save_to_db for site1.local
2022-06-05 12:33:10,259 INFO scheduler Scheduled Job Start: frappe.desk.page.backups.backups.delete_downloadable_backups for site1.local
2022-06-05 12:33:11,283 INFO scheduler Scheduled Job Complete: frappe.desk.page.backups.backups.delete_downloadable_backups for site1.local
2022-06-05 12:33:11,576 INFO scheduler Scheduled Job Start: frappe.utils.error.collect_error_snapshots for site1.local
2022-06-05 12:33:14,529 INFO scheduler Scheduled Job Complete: frappe.utils.error.collect_error_snapshots for site1.local
2022-06-05 12:33:15,075 INFO scheduler Scheduled Job Start: frappe.model.utils.user_settings.sync_user_settings for site1.local
2022-06-05 12:33:16,412 INFO scheduler Scheduled Job Complete: frappe.model.utils.user_settings.sync_user_settings for site1.local
2022-06-05 12:33:16,634 INFO scheduler Scheduled Job Start: frappe.model.utils.link_count.update_link_count for site1.local
2022-06-05 12:33:17,425 INFO scheduler Scheduled Job Complete: frappe.model.utils.link_count.update_link_count for site1.local
2022-06-05 12:33:17,730 INFO scheduler Scheduled Job Start: frappe.monitor.flush for site1.local
2022-06-05 12:33:18,165 INFO scheduler Scheduled Job Complete: frappe.monitor.flush for site1.local
2022-06-05 12:33:18,306 INFO scheduler Scheduled Job Start: frappe.utils.global_search.sync_global_search for site1.local
2022-06-05 12:33:18,774 INFO scheduler Scheduled Job Complete: frappe.utils.global_search.sync_global_search for site1.local
2022-06-05 12:33:18,956 INFO scheduler Scheduled Job Start: frappe.integrations.doctype.razorpay_settings.razorpay_settings.capture_payment for site1.local
2022-06-05 12:33:20,135 INFO scheduler Scheduled Job Complete: frappe.integrations.doctype.razorpay_settings.razorpay_settings.capture_payment for site1.local
2022-06-05 12:33:20,298 INFO scheduler Scheduled Job Start: frappe.email.doctype.email_account.email_account.notify_unreplied for site1.local
2022-06-05 12:33:21,248 INFO scheduler Scheduled Job Complete: frappe.email.doctype.email_account.email_account.notify_unreplied for site1.local
2022-06-05 12:33:21,381 INFO scheduler Scheduled Job Start: frappe.email.doctype.email_account.email_account.pull for site1.local
2022-06-05 12:33:21,881 INFO scheduler Scheduled Job Complete: frappe.email.doctype.email_account.email_account.pull for site1.local
2022-06-05 12:33:22,014 INFO scheduler Scheduled Job Start: frappe.email.queue.flush for site1.local
2022-06-05 12:33:22,361 INFO scheduler Scheduled Job Complete: frappe.email.queue.flush for site1.local
2022-06-05 12:33:22,512 INFO scheduler Scheduled Job Start: frappe.twofactor.delete_all_barcodes_for_users for site1.local
2022-06-05 12:33:23,703 INFO scheduler Scheduled Job Complete: frappe.twofactor.delete_all_barcodes_for_users for site1.local
2022-06-05 12:33:24,042 INFO scheduler Scheduled Job Start: frappe.website.doctype.web_page.web_page.check_publish_status for site1.local
2022-06-05 12:33:24,835 DEBUG scheduler Queued events for site site1.local
2022-06-05 12:33:25,663 INFO scheduler Scheduled Job Complete: frappe.website.doctype.web_page.web_page.check_publish_status for site1.local
2022-06-05 12:33:25,962 INFO scheduler Scheduled Job Start: frappe.oauth.delete_oauth2_data for site1.local
2022-06-05 12:33:27,230 INFO scheduler Scheduled Job Complete: frappe.oauth.delete_oauth2_data for site1.local
2022-06-05 12:33:27,431 INFO scheduler Scheduled Job Start: core_erp.customization.lead.Notify for site1.local
2022-06-05 12:33:28,099 INFO scheduler Scheduled Job Failed: core_erp.customization.lead.Notify for site1.local
2022-06-05 12:34:25,633 INFO scheduler Scheduled Job Start: erpnext.crm.doctype.social_media_post.social_media_post.process_scheduled_social_media_posts for site1.local
2022-06-05 12:34:25,727 DEBUG scheduler Queued events for site site1.local
2022-06-05 12:34:39,319 INFO scheduler Scheduled Job Complete: erpnext.crm.doctype.social_media_post.social_media_post.process_scheduled_social_media_posts for site1.local
2022-06-05 12:34:40,767 INFO scheduler Scheduled Job Start: erpnext.hr.doctype.interview.interview.send_interview_reminder for site1.local
2022-06-05 12:34:41,242 INFO scheduler Scheduled Job Complete: erpnext.hr.doctype.interview.interview.send_interview_reminder for site1.local
2022-06-05 12:34:41,399 INFO scheduler Scheduled Job Start: erpnext.healthcare.doctype.patient_appointment.patient_appointment.send_appointment_reminder for site1.local
2022-06-05 12:34:41,870 INFO scheduler Scheduled Job Complete: erpnext.healthcare.doctype.patient_appointment.patient_appointment.send_appointment_reminder for site1.local
2022-06-05 12:34:42,012 INFO scheduler Scheduled Job Start: erpnext.projects.doctype.project.project.project_status_update_reminder for site1.local
2022-06-05 12:34:42,588 INFO scheduler Scheduled Job Complete: erpnext.projects.doctype.project.project.project_status_update_reminder for site1.local
2022-06-05 12:34:42,735 INFO scheduler Scheduled Job Start: frappe.monitor.flush for site1.local
2022-06-05 12:34:43,027 INFO scheduler Scheduled Job Complete: frappe.monitor.flush for site1.local
2022-06-05 12:34:43,185 INFO scheduler Scheduled Job Start: frappe.utils.global_search.sync_global_search for site1.local
2022-06-05 12:34:43,589 INFO scheduler Scheduled Job Complete: frappe.utils.global_search.sync_global_search for site1.local
2022-06-05 12:34:43,736 INFO scheduler Scheduled Job Start: frappe.integrations.doctype.razorpay_settings.razorpay_settings.capture_payment for site1.local
2022-06-05 12:34:45,182 INFO scheduler Scheduled Job Complete: frappe.integrations.doctype.razorpay_settings.razorpay_settings.capture_payment for site1.local
2022-06-05 12:34:46,450 INFO scheduler Scheduled Job Start: frappe.email.doctype.email_account.email_account.notify_unreplied for site1.local
2022-06-05 12:34:47,375 INFO scheduler Scheduled Job Complete: frappe.email.doctype.email_account.email_account.notify_unreplied for site1.local
2022-06-05 12:34:47,533 INFO scheduler Scheduled Job Start: frappe.email.doctype.email_account.email_account.pull for site1.local
2022-06-05 12:34:48,086 INFO scheduler Scheduled Job Complete: frappe.email.doctype.email_account.email_account.pull for site1.local
2022-06-05 12:34:55,423 INFO scheduler Scheduled Job Start: frappe.email.queue.flush for site1.local
2022-06-05 12:34:56,237 INFO scheduler Scheduled Job Complete: frappe.email.queue.flush for site1.local
2022-06-05 12:35:27,115 DEBUG scheduler Queued events for site site1.local
2022-06-05 12:36:27,669 DEBUG scheduler Queued events for site site1.local
2022-06-05 12:37:28,599 DEBUG scheduler Queued events for site site1.local
2022-06-05 12:39:45,557 DEBUG scheduler Queued events for site site1.local
2022-06-05 12:40:03,061 INFO scheduler Scheduled Job Start: erpnext.crm.doctype.social_media_post.social_media_post.process_scheduled_social_media_posts for site1.local
2022-06-05 12:40:12,391 INFO scheduler Scheduled Job Complete: erpnext.crm.doctype.social_media_post.social_media_post.process_scheduled_social_media_posts for site1.local
2022-06-05 12:40:12,674 INFO scheduler Scheduled Job Start: erpnext.hr.doctype.interview.interview.send_interview_reminder for site1.local
2022-06-05 12:40:18,436 INFO scheduler Scheduled Job Complete: erpnext.hr.doctype.interview.interview.send_interview_reminder for site1.local
2022-06-05 12:40:18,744 INFO scheduler Scheduled Job Start: erpnext.healthcare.doctype.patient_appointment.patient_appointment.send_appointment_reminder for site1.local
2022-06-05 12:40:19,634 INFO scheduler Scheduled Job Complete: erpnext.healthcare.doctype.patient_appointment.patient_appointment.send_appointment_reminder for site1.local
2022-06-05 12:40:19,803 INFO scheduler Scheduled Job Start: erpnext.projects.doctype.project.project.project_status_update_reminder for site1.local
2022-06-05 12:40:32,941 INFO scheduler Scheduled Job Complete: erpnext.projects.doctype.project.project.project_status_update_reminder for site1.local
2022-06-05 12:40:33,132 INFO scheduler Scheduled Job Start: frappe.monitor.flush for site1.local
2022-06-05 12:40:33,826 INFO scheduler Scheduled Job Complete: frappe.monitor.flush for site1.local
2022-06-05 12:40:34,352 INFO scheduler Scheduled Job Start: frappe.utils.global_search.sync_global_search for site1.local
2022-06-05 12:40:34,922 INFO scheduler Scheduled Job Complete: frappe.utils.global_search.sync_global_search for site1.local
2022-06-05 12:40:35,151 INFO scheduler Scheduled Job Start: frappe.integrations.doctype.razorpay_settings.razorpay_settings.capture_payment for site1.local
2022-06-05 12:40:38,686 INFO scheduler Scheduled Job Complete: frappe.integrations.doctype.razorpay_settings.razorpay_settings.capture_payment for site1.local
2022-06-05 12:40:38,929 INFO scheduler Scheduled Job Start: frappe.email.doctype.email_account.email_account.notify_unreplied for site1.local
2022-06-05 12:40:41,183 INFO scheduler Scheduled Job Complete: frappe.email.doctype.email_account.email_account.notify_unreplied for site1.local
2022-06-05 12:40:41,365 INFO scheduler Scheduled Job Start: frappe.email.doctype.email_account.email_account.pull for site1.local
2022-06-05 12:40:42,316 INFO scheduler Scheduled Job Complete: frappe.email.doctype.email_account.email_account.pull for site1.local
2022-06-05 12:40:42,541 INFO scheduler Scheduled Job Start: frappe.email.queue.flush for site1.local
2022-06-05 12:40:43,225 INFO scheduler Scheduled Job Complete: frappe.email.queue.flush for site1.local
2022-06-05 12:40:46,660 DEBUG scheduler Queued events for site site1.local
2022-06-05 12:41:47,427 DEBUG scheduler Queued events for site site1.local
2022-06-05 12:42:47,995 DEBUG scheduler Queued events for site site1.local
2022-06-05 12:42:52,397 INFO scheduler Scheduled Job Start: erpnext.crm.doctype.social_media_post.social_media_post.process_scheduled_social_media_posts for site1.local
2022-06-05 12:42:53,250 INFO scheduler Scheduled Job Complete: erpnext.crm.doctype.social_media_post.social_media_post.process_scheduled_social_media_posts for site1.local
2022-06-05 12:42:53,396 INFO scheduler Scheduled Job Start: erpnext.hr.doctype.interview.interview.send_interview_reminder for site1.local
2022-06-05 12:42:53,757 INFO scheduler Scheduled Job Complete: erpnext.hr.doctype.interview.interview.send_interview_reminder for site1.local
2022-06-05 12:42:53,935 INFO scheduler Scheduled Job Start: erpnext.healthcare.doctype.patient_appointment.patient_appointment.send_appointment_reminder for site1.local
2022-06-05 12:42:54,255 INFO scheduler Scheduled Job Complete: erpnext.healthcare.doctype.patient_appointment.patient_appointment.send_appointment_reminder for site1.local
2022-06-05 12:42:54,436 INFO scheduler Scheduled Job Start: erpnext.projects.doctype.project.project.project_status_update_reminder for site1.local
2022-06-05 12:42:55,632 INFO scheduler Scheduled Job Complete: erpnext.projects.doctype.project.project.project_status_update_reminder for site1.local
2022-06-05 12:42:55,857 INFO scheduler Scheduled Job Start: frappe.monitor.flush for site1.local
2022-06-05 12:42:56,198 INFO scheduler Scheduled Job Complete: frappe.monitor.flush for site1.local
2022-06-05 12:42:56,355 INFO scheduler Scheduled Job Start: frappe.utils.global_search.sync_global_search for site1.local
2022-06-05 12:42:56,623 INFO scheduler Scheduled Job Complete: frappe.utils.global_search.sync_global_search for site1.local
2022-06-05 12:42:57,170 INFO scheduler Scheduled Job Start: frappe.integrations.doctype.razorpay_settings.razorpay_settings.capture_payment for site1.local
2022-06-05 12:42:57,868 INFO scheduler Scheduled Job Complete: frappe.integrations.doctype.razorpay_settings.razorpay_settings.capture_payment for site1.local
2022-06-05 12:42:58,003 INFO scheduler Scheduled Job Start: frappe.email.doctype.email_account.email_account.notify_unreplied for site1.local
2022-06-05 12:42:58,358 INFO scheduler Scheduled Job Complete: frappe.email.doctype.email_account.email_account.notify_unreplied for site1.local
2022-06-05 12:42:58,491 INFO scheduler Scheduled Job Start: frappe.email.doctype.email_account.email_account.pull for site1.local
2022-06-05 12:42:58,860 INFO scheduler Scheduled Job Complete: frappe.email.doctype.email_account.email_account.pull for site1.local
2022-06-05 12:42:59,027 INFO scheduler Scheduled Job Start: frappe.email.queue.flush for site1.local
2022-06-05 12:42:59,324 INFO scheduler Scheduled Job Complete: frappe.email.queue.flush for site1.local
2022-06-05 12:43:48,535 DEBUG scheduler Queued events for site site1.local
2022-06-05 12:44:49,113 DEBUG scheduler Queued events for site site1.local
2022-06-05 12:45:50,018 DEBUG scheduler Queued events for site site1.local
2022-06-05 12:46:01,376 INFO scheduler Scheduled Job Start: frappe.twofactor.delete_all_barcodes_for_users for site1.local
2022-06-05 12:46:52,931 INFO scheduler Scheduled Job Complete: frappe.twofactor.delete_all_barcodes_for_users for site1.local
2022-06-05 12:46:53,017 DEBUG scheduler Queued events for site site1.local
2022-06-05 12:46:54,544 INFO scheduler Scheduled Job Start: frappe.website.doctype.web_page.web_page.check_publish_status for site1.local
2022-06-05 12:47:00,199 INFO scheduler Scheduled Job Complete: frappe.website.doctype.web_page.web_page.check_publish_status for site1.local
2022-06-05 12:47:00,390 INFO scheduler Scheduled Job Start: frappe.oauth.delete_oauth2_data for site1.local
2022-06-05 12:47:03,195 INFO scheduler Scheduled Job Complete: frappe.oauth.delete_oauth2_data for site1.local
2022-06-05 12:47:03,631 INFO scheduler Scheduled Job Start: erpnext.crm.doctype.social_media_post.social_media_post.process_scheduled_social_media_posts for site1.local
2022-06-05 12:47:06,133 INFO scheduler Scheduled Job Complete: erpnext.crm.doctype.social_media_post.social_media_post.process_scheduled_social_media_posts for site1.local
2022-06-05 12:47:06,947 INFO scheduler Scheduled Job Start: erpnext.hr.doctype.interview.interview.send_interview_reminder for site1.local
2022-06-05 12:47:08,620 INFO scheduler Scheduled Job Complete: erpnext.hr.doctype.interview.interview.send_interview_reminder for site1.local
2022-06-05 12:47:09,455 INFO scheduler Scheduled Job Start: erpnext.healthcare.doctype.patient_appointment.patient_appointment.send_appointment_reminder for site1.local
2022-06-05 12:47:11,319 INFO scheduler Scheduled Job Complete: erpnext.healthcare.doctype.patient_appointment.patient_appointment.send_appointment_reminder for site1.local
2022-06-05 12:47:12,170 INFO scheduler Scheduled Job Start: erpnext.projects.doctype.project.project.project_status_update_reminder for site1.local
2022-06-05 12:47:16,407 INFO scheduler Scheduled Job Complete: erpnext.projects.doctype.project.project.project_status_update_reminder for site1.local
2022-06-05 12:47:19,711 INFO scheduler Scheduled Job Start: frappe.monitor.flush for site1.local
2022-06-05 12:47:22,249 INFO scheduler Scheduled Job Complete: frappe.monitor.flush for site1.local
2022-06-05 12:47:23,490 INFO scheduler Scheduled Job Start: frappe.utils.global_search.sync_global_search for site1.local
2022-06-05 12:47:25,990 INFO scheduler Scheduled Job Complete: frappe.utils.global_search.sync_global_search for site1.local
2022-06-05 12:47:26,911 INFO scheduler Scheduled Job Start: frappe.integrations.doctype.razorpay_settings.razorpay_settings.capture_payment for site1.local
2022-06-05 12:47:31,149 INFO scheduler Scheduled Job Complete: frappe.integrations.doctype.razorpay_settings.razorpay_settings.capture_payment for site1.local
2022-06-05 12:47:32,686 INFO scheduler Scheduled Job Start: frappe.email.doctype.email_account.email_account.notify_unreplied for site1.local
2022-06-05 12:47:33,665 INFO scheduler Scheduled Job Complete: frappe.email.doctype.email_account.email_account.notify_unreplied for site1.local
2022-06-05 12:47:34,223 INFO scheduler Scheduled Job Start: frappe.email.doctype.email_account.email_account.pull for site1.local
2022-06-05 12:47:36,905 INFO scheduler Scheduled Job Complete: frappe.email.doctype.email_account.email_account.pull for site1.local
2022-06-05 12:47:37,156 INFO scheduler Scheduled Job Start: frappe.email.queue.flush for site1.local
2022-06-05 12:47:37,650 INFO scheduler Scheduled Job Complete: frappe.email.queue.flush for site1.local
2022-06-05 12:47:53,578 DEBUG scheduler Queued events for site site1.local
2022-06-05 12:48:54,127 DEBUG scheduler Queued events for site site1.local
2022-06-05 12:49:54,778 DEBUG scheduler Queued events for site site1.local
